<?xml version="1.0" encoding="UTF-8"?>
<testng-results ignored="0" total="1" passed="1" failed="0" skipped="0">
  <reporter-output>
  </reporter-output>
  <suite started-at="2022-05-31T23:10:28 ICT" name="Page Object test example" finished-at="2022-05-31T23:13:03 ICT" duration-ms="154811">
    <groups>
    </groups>
    <test started-at="2022-05-31T23:10:28 ICT" name="sample test" finished-at="2022-05-31T23:13:03 ICT" duration-ms="154811">
      <class name="Testcases.HomeTest">
        <test-method is-config="true" signature="initializeTestBaseSetup(java.lang.String,java.lang.String)[pri:0, instance:Testcases.HomeTest@63355449]" started-at="2022-05-31T23:10:28 ICT" name="initializeTestBaseSetup" finished-at="2022-05-31T23:10:32 ICT" duration-ms="3794" status="PASS">
          <params>
            <param index="0">
              <value>
                <![CDATA[chrome]]>
              </value>
            </param>
            <param index="1">
              <value>
                <![CDATA[https://www.tma.vn/]]>
              </value>
            </param>
          </params>
          <reporter-output>
          </reporter-output>
        </test-method> <!-- initializeTestBaseSetup -->
        <test-method is-config="true" signature="setUp()[pri:0, instance:Testcases.HomeTest@63355449]" started-at="2022-05-31T23:10:32 ICT" name="setUp" finished-at="2022-05-31T23:10:32 ICT" duration-ms="0" status="PASS">
          <reporter-output>
          </reporter-output>
        </test-method> <!-- setUp -->
        <test-method signature="home()[pri:0, instance:Testcases.HomeTest@63355449]" started-at="2022-05-31T23:10:32 ICT" name="home" finished-at="2022-05-31T23:13:01 ICT" duration-ms="148474" status="PASS">
          <reporter-output>
          </reporter-output>
        </test-method> <!-- home -->
        <test-method is-config="true" signature="tearDown()[pri:0, instance:Testcases.HomeTest@63355449]" started-at="2022-05-31T23:13:01 ICT" name="tearDown" finished-at="2022-05-31T23:13:03 ICT" duration-ms="2484" status="PASS">
          <reporter-output>
          </reporter-output>
        </test-method> <!-- tearDown -->
      </class> <!-- Testcases.HomeTest -->
    </test> <!-- sample test -->
  </suite> <!-- Page Object test example -->
</testng-results>
